To github.com:BodihTao/fmz.git
   da760bf..5c0d330  master -> master
To github.com:BodihTao/fmz.git
   5c0d330..2ad223c  master -> master
To github.com:BodihTao/fmz.git
   2ad223c..2a3c65a  master -> master
To github.com:BodihTao/fmz.git
   2a3c65a..d7a65d6  master -> master
To github.com:BodihTao/fmz.git
   d7a65d6..7961fbe  master -> master
To github.com:BodihTao/fmz.git
   7961fbe..be89071  master -> master
To github.com:BodihTao/fmz.git
   be89071..848de9a  master -> master
To github.com:BodihTao/fmz.git
   848de9a..2ee1ddc  master -> master
To github.com:BodihTao/fmz.git
   2ee1ddc..3fd10e2  master -> master
To github.com:BodihTao/fmz.git
   3fd10e2..5b32ff6  master -> master
To github.com:BodihTao/fmz.git
   5b32ff6..2c2b600  master -> master
To github.com:BodihTao/fmz.git
   2c2b600..e025894  master -> master
To github.com:BodihTao/fmz.git
   e025894..29716e1  master -> master
To github.com:BodihTao/fmz.git
   29716e1..fd3fe09  master -> master
To github.com:BodihTao/fmz.git
   fd3fe09..6e17aa0  master -> master
To github.com:BodihTao/fmz.git
   6e17aa0..9610340  master -> master
To github.com:BodihTao/fmz.git
   9610340..e0dd078  master -> master
To github.com:BodihTao/fmz.git
   e0dd078..2dd773c  master -> master
To github.com:BodihTao/fmz.git
   2dd773c..fa5911a  master -> master
Traceback (most recent call last):
  File "sina_blog_crawler.py", line 59, in <module>
    htmlText = get_html_body(urlInput)
  File "sina_blog_crawler.py", line 52, in get_html_body
    response = urllib2.urlopen(url)
  File "/System/Library/Frameworks/Python.framework/Versions/2.7/lib/python2.7/urllib2.py", line 154, in urlopen
    return opener.open(url, data, timeout)
  File "/System/Library/Frameworks/Python.framework/Versions/2.7/lib/python2.7/urllib2.py", line 431, in open
    response = self._open(req, data)
  File "/System/Library/Frameworks/Python.framework/Versions/2.7/lib/python2.7/urllib2.py", line 449, in _open
    '_open', req)
  File "/System/Library/Frameworks/Python.framework/Versions/2.7/lib/python2.7/urllib2.py", line 409, in _call_chain
    result = func(*args)
  File "/System/Library/Frameworks/Python.framework/Versions/2.7/lib/python2.7/urllib2.py", line 1227, in http_open
    return self.do_open(httplib.HTTPConnection, req)
  File "/System/Library/Frameworks/Python.framework/Versions/2.7/lib/python2.7/urllib2.py", line 1197, in do_open
    raise URLError(err)
urllib2.URLError: <urlopen error [Errno 8] nodename nor servname provided, or not known>
To github.com:BodihTao/fmz.git
   fa5911a..1d05331  master -> master
To github.com:BodihTao/fmz.git
   1d05331..f6a9522  master -> master
To github.com:BodihTao/fmz.git
   f6a9522..9c6becb  master -> master
To github.com:BodihTao/fmz.git
   9c6becb..0869779  master -> master
To github.com:BodihTao/fmz.git
   0869779..7ba8a8f  master -> master
To github.com:BodihTao/fmz.git
   7ba8a8f..b0be714  master -> master
To github.com:BodihTao/fmz.git
   b0be714..0949fbc  master -> master
To github.com:BodihTao/fmz.git
   0949fbc..b426291  master -> master
To github.com:BodihTao/fmz.git
   b426291..6ed77ed  master -> master
To github.com:BodihTao/fmz.git
   6ed77ed..95b2da6  master -> master
To github.com:BodihTao/fmz.git
   95b2da6..dc7267e  master -> master
To github.com:BodihTao/fmz.git
   dc7267e..a2ad40f  master -> master
To github.com:BodihTao/fmz.git
   a2ad40f..c258c05  master -> master
To github.com:BodihTao/fmz.git
   c258c05..fe901a1  master -> master
